<?xml version="1.0" encoding="UTF-8"?>
<!-- Generated by org.testng.reporters.JUnitXMLReporter -->
<testsuite hostname="INFAR11357" name="Test-class test" tests="1" failures="0" timestamp="10 Apr 2018 07:18:59 GMT" time="73.882" errors="0">
  <testcase name="sampeTest" time="25.0" classname="appium.SampleTC_Minty"/>
</testsuite> <!-- Test-class test -->
