<?xml version="1.0" encoding="UTF-8"?>
<!-- Generated by org.testng.reporters.JUnitReportReporter -->
<testsuite hostname="INFAR11357" name="appium.SampleTC_Minty" tests="1" failures="0" timestamp="10 Apr 2018 07:18:59 GMT" time="25.000" errors="0">
  <testcase name="sampeTest" time="25.000" classname="appium.SampleTC_Minty"/>
</testsuite> <!-- appium.SampleTC_Minty -->
